Determining if the pthread_create exist failed with the following output:
Change Dir: /home/qi/catkin_qi/build/CMakeFiles/CMakeTmp

Run Build Command:"/usr/bin/make" "cmTC_1f898/fast"
/usr/bin/make -f CMakeFiles/cmTC_1f898.dir/build.make CMakeFiles/cmTC_1f898.dir/build
make[1]: Entering directory '/home/qi/catkin_qi/build/CMakeFiles/CMakeTmp'
Building C object CMakeFiles/cmTC_1f898.dir/CheckSymbolExists.c.o
/usr/bin/cc    -o CMakeFiles/cmTC_1f898.dir/CheckSymbolExists.c.o   -c /home/qi/catkin_qi/build/CMakeFiles/CMakeTmp/CheckSymbolExists.c
Linking C executable cmTC_1f898
/usr/bin/cmake -E cmake_link_script CMakeFiles/cmTC_1f898.dir/link.txt --verbose=1
/usr/bin/cc      -rdynamic CMakeFiles/cmTC_1f898.dir/CheckSymbolExists.c.o  -o cmTC_1f898 
CMakeFiles/cmTC_1f898.dir/CheckSymbolExists.c.o: In function `main':
CheckSymbolExists.c:(.text+0x14): undefined reference to `pthread_create'
CheckSymbolExists.c:(.text+0x18): undefined reference to `pthread_create'
collect2: error: ld returned 1 exit status
CMakeFiles/cmTC_1f898.dir/build.make:97: recipe for target 'cmTC_1f898' failed
make[1]: *** [cmTC_1f898] Error 1
make[1]: Leaving directory '/home/qi/catkin_qi/build/CMakeFiles/CMakeTmp'
Makefile:126: recipe for target 'cmTC_1f898/fast' failed
make: *** [cmTC_1f898/fast] Error 2

File /home/qi/catkin_qi/build/CMakeFiles/CMakeTmp/CheckSymbolExists.c:
/* */
#include <pthread.h>

int main(int argc, char** argv)
{
  (void)argv;
#ifndef pthread_create
  return ((int*)(&pthread_create))[argc];
#else
  (void)argc;
  return 0;
#endif
}

Determining if the function pthread_create exists in the pthreads failed with the following output:
Change Dir: /home/qi/catkin_qi/build/CMakeFiles/CMakeTmp

Run Build Command:"/usr/bin/make" "cmTC_8e141/fast"
/usr/bin/make -f CMakeFiles/cmTC_8e141.dir/build.make CMakeFiles/cmTC_8e141.dir/build
make[1]: Entering directory '/home/qi/catkin_qi/build/CMakeFiles/CMakeTmp'
Building C object CMakeFiles/cmTC_8e141.dir/CheckFunctionExists.c.o
/usr/bin/cc   -DCHECK_FUNCTION_EXISTS=pthread_create   -o CMakeFiles/cmTC_8e141.dir/CheckFunctionExists.c.o   -c /usr/share/cmake-3.10/Modules/CheckFunctionExists.c
Linking C executable cmTC_8e141
/usr/bin/cmake -E cmake_link_script CMakeFiles/cmTC_8e141.dir/link.txt --verbose=1
/usr/bin/cc  -DCHECK_FUNCTION_EXISTS=pthread_create    -rdynamic CMakeFiles/cmTC_8e141.dir/CheckFunctionExists.c.o  -o cmTC_8e141 -lpthreads 
/usr/bin/ld: cannot find -lpthreads
collect2: error: ld returned 1 exit status
CMakeFiles/cmTC_8e141.dir/build.make:97: recipe for target 'cmTC_8e141' failed
make[1]: *** [cmTC_8e141] Error 1
make[1]: Leaving directory '/home/qi/catkin_qi/build/CMakeFiles/CMakeTmp'
Makefile:126: recipe for target 'cmTC_8e141/fast' failed
make: *** [cmTC_8e141/fast] Error 2


Determining if the Q_WS_WIN exist failed with the following output:
Change Dir: /home/qi/catkin_qi/build/CMakeFiles/CMakeTmp

Run Build Command:"/usr/bin/make" "cmTC_9326a/fast"
/usr/bin/make -f CMakeFiles/cmTC_9326a.dir/build.make CMakeFiles/cmTC_9326a.dir/build
make[1]: Entering directory '/home/qi/catkin_qi/build/CMakeFiles/CMakeTmp'
Building CXX object CMakeFiles/cmTC_9326a.dir/CheckSymbolExists.cxx.o
/usr/bin/c++   -I/usr/include/qt4   -o CMakeFiles/cmTC_9326a.dir/CheckSymbolExists.cxx.o -c /home/qi/catkin_qi/build/CMakeFiles/CMakeTmp/CheckSymbolExists.cxx
/home/qi/catkin_qi/build/CMakeFiles/CMakeTmp/CheckSymbolExists.cxx: In function ‘int main(int, char**)’:
/home/qi/catkin_qi/build/CMakeFiles/CMakeTmp/CheckSymbolExists.cxx:8:19: error: ‘Q_WS_WIN’ was not declared in this scope
   return ((int*)(&Q_WS_WIN))[argc];
                   ^~~~~~~~
/home/qi/catkin_qi/build/CMakeFiles/CMakeTmp/CheckSymbolExists.cxx:8:19: note: suggested alternative: ‘Q_WS_X11’
   return ((int*)(&Q_WS_WIN))[argc];
                   ^~~~~~~~
                   Q_WS_X11
CMakeFiles/cmTC_9326a.dir/build.make:65: recipe for target 'CMakeFiles/cmTC_9326a.dir/CheckSymbolExists.cxx.o' failed
make[1]: *** [CMakeFiles/cmTC_9326a.dir/CheckSymbolExists.cxx.o] Error 1
make[1]: Leaving directory '/home/qi/catkin_qi/build/CMakeFiles/CMakeTmp'
Makefile:126: recipe for target 'cmTC_9326a/fast' failed
make: *** [cmTC_9326a/fast] Error 2

File /home/qi/catkin_qi/build/CMakeFiles/CMakeTmp/CheckSymbolExists.cxx:
/* */
#include <QtCore/qglobal.h>

int main(int argc, char** argv)
{
  (void)argv;
#ifndef Q_WS_WIN
  return ((int*)(&Q_WS_WIN))[argc];
#else
  (void)argc;
  return 0;
#endif
}

Determining if the Q_WS_QWS exist failed with the following output:
Change Dir: /home/qi/catkin_qi/build/CMakeFiles/CMakeTmp

Run Build Command:"/usr/bin/make" "cmTC_aae88/fast"
/usr/bin/make -f CMakeFiles/cmTC_aae88.dir/build.make CMakeFiles/cmTC_aae88.dir/build
make[1]: Entering directory '/home/qi/catkin_qi/build/CMakeFiles/CMakeTmp'
Building CXX object CMakeFiles/cmTC_aae88.dir/CheckSymbolExists.cxx.o
/usr/bin/c++   -I/usr/include/qt4   -o CMakeFiles/cmTC_aae88.dir/CheckSymbolExists.cxx.o -c /home/qi/catkin_qi/build/CMakeFiles/CMakeTmp/CheckSymbolExists.cxx
/home/qi/catkin_qi/build/CMakeFiles/CMakeTmp/CheckSymbolExists.cxx: In function ‘int main(int, char**)’:
/home/qi/catkin_qi/build/CMakeFiles/CMakeTmp/CheckSymbolExists.cxx:8:19: error: ‘Q_WS_QWS’ was not declared in this scope
   return ((int*)(&Q_WS_QWS))[argc];
                   ^~~~~~~~
/home/qi/catkin_qi/build/CMakeFiles/CMakeTmp/CheckSymbolExists.cxx:8:19: note: suggested alternative: ‘Q_WS_X11’
   return ((int*)(&Q_WS_QWS))[argc];
                   ^~~~~~~~
                   Q_WS_X11
CMakeFiles/cmTC_aae88.dir/build.make:65: recipe for target 'CMakeFiles/cmTC_aae88.dir/CheckSymbolExists.cxx.o' failed
make[1]: *** [CMakeFiles/cmTC_aae88.dir/CheckSymbolExists.cxx.o] Error 1
make[1]: Leaving directory '/home/qi/catkin_qi/build/CMakeFiles/CMakeTmp'
Makefile:126: recipe for target 'cmTC_aae88/fast' failed
make: *** [cmTC_aae88/fast] Error 2

File /home/qi/catkin_qi/build/CMakeFiles/CMakeTmp/CheckSymbolExists.cxx:
/* */
#include <QtCore/qglobal.h>

int main(int argc, char** argv)
{
  (void)argv;
#ifndef Q_WS_QWS
  return ((int*)(&Q_WS_QWS))[argc];
#else
  (void)argc;
  return 0;
#endif
}

Determining if the Q_WS_MAC exist failed with the following output:
Change Dir: /home/qi/catkin_qi/build/CMakeFiles/CMakeTmp

Run Build Command:"/usr/bin/make" "cmTC_46997/fast"
/usr/bin/make -f CMakeFiles/cmTC_46997.dir/build.make CMakeFiles/cmTC_46997.dir/build
make[1]: Entering directory '/home/qi/catkin_qi/build/CMakeFiles/CMakeTmp'
Building CXX object CMakeFiles/cmTC_46997.dir/CheckSymbolExists.cxx.o
/usr/bin/c++   -I/usr/include/qt4   -o CMakeFiles/cmTC_46997.dir/CheckSymbolExists.cxx.o -c /home/qi/catkin_qi/build/CMakeFiles/CMakeTmp/CheckSymbolExists.cxx
/home/qi/catkin_qi/build/CMakeFiles/CMakeTmp/CheckSymbolExists.cxx: In function ‘int main(int, char**)’:
/home/qi/catkin_qi/build/CMakeFiles/CMakeTmp/CheckSymbolExists.cxx:8:19: error: ‘Q_WS_MAC’ was not declared in this scope
   return ((int*)(&Q_WS_MAC))[argc];
                   ^~~~~~~~
/home/qi/catkin_qi/build/CMakeFiles/CMakeTmp/CheckSymbolExists.cxx:8:19: note: suggested alternative: ‘Q_WS_X11’
   return ((int*)(&Q_WS_MAC))[argc];
                   ^~~~~~~~
                   Q_WS_X11
CMakeFiles/cmTC_46997.dir/build.make:65: recipe for target 'CMakeFiles/cmTC_46997.dir/CheckSymbolExists.cxx.o' failed
make[1]: *** [CMakeFiles/cmTC_46997.dir/CheckSymbolExists.cxx.o] Error 1
make[1]: Leaving directory '/home/qi/catkin_qi/build/CMakeFiles/CMakeTmp'
Makefile:126: recipe for target 'cmTC_46997/fast' failed
make: *** [cmTC_46997/fast] Error 2

File /home/qi/catkin_qi/build/CMakeFiles/CMakeTmp/CheckSymbolExists.cxx:
/* */
#include <QtCore/qglobal.h>

int main(int argc, char** argv)
{
  (void)argv;
#ifndef Q_WS_MAC
  return ((int*)(&Q_WS_MAC))[argc];
#else
  (void)argc;
  return 0;
#endif
}

